============================= test session starts =============================
platform win32 -- Python 3.12.0, pytest-8.3.5, pluggy-1.5.0 -- C:\Users\91771\OneDrive - SmartCare Analytica AB\Desktop\Python Automation\Python Selenium\Qtomation_Nopcommerce\.venv\Scripts\python.exe
cachedir: .pytest_cache
metadata: {'Python': '3.12.0', 'Platform': 'Windows-11-10.0.22631-SP0', 'Packages': {'pytest': '8.3.5', 'pluggy': '1.5.0'}, 'CI': 'true', 'BUILD_NUMBER': '20', 'BUILD_ID': '20', 'BUILD_URL': 'http://localhost:8080/job/nopcommerce_selenium_python_project/20/', 'NODE_NAME': 'built-in', 'JOB_NAME': 'nopcommerce_selenium_python_project', 'BUILD_TAG': 'jenkins-nopcommerce_selenium_python_project-20', 'EXECUTOR_NUMBER': '0', 'JENKINS_URL': 'http://localhost:8080/', 'WORKSPACE': 'C:\\ProgramData\\Jenkins\\.jenkins\\workspace\\nopcommerce_selenium_python_project', 'GIT_COMMIT': '2a3093e4157ad001fd7c3fb5f0288b56ced052f4', 'GIT_URL': 'https://github.com/bettingprashant/qtomation_nopcommerce.git', 'GIT_BRANCH': 'origin/master', 'Project Name': 'Ecommerce Project, nopcommerce', 'Test Module Name': 'Admin Login Tests', 'Tester Name': 'Raj'}
rootdir: C:\Users\91771\OneDrive - SmartCare Analytica AB\Desktop\Python Automation\Python Selenium\Qtomation_Nopcommerce
plugins: allure-pytest-2.14.1, html-4.1.1, metadata-3.1.1, xdist-3.6.1
collecting ... collected 8 items

test_cases/test_add_new_user.py::Test_03_Add_New_Customer::test_add_new_customer FAILED [ 12%]
test_cases/test_admin_login.py::Test_01_Admin_Login::test_title_verification PASSED [ 25%]
test_cases/test_admin_login.py::Test_01_Admin_Login::test_valid_admin_login PASSED [ 37%]
test_cases/test_admin_login.py::Test_01_Admin_Login::test_invalid_admin_login PASSED [ 50%]
test_cases/test_admin_login_data_driven.py::Test_02_Admin_Login_data_driven::test_valid_admin_login PASSED [ 62%]
test_cases/test_search_customer.py::Test_04_Search_Customer::test_search_customer_by_email FAILED [ 75%]
test_cases/test_search_customer.py::Test_04_Search_Customer::test_search_customer_by_name PASSED [ 87%]
test_cases/test_search_customer.py::Test_04_Search_Customer::test_search_customer_by_companyname FAILED [100%]

================================== FAILURES ===================================
_______________ Test_03_Add_New_Customer.test_add_new_customer ________________
test_cases\test_add_new_user.py:42: in test_add_new_customer
    self.add_customer.click_customers_from_menu_options()
base_pages\Add_Customer_Page.py:36: in click_customers_from_menu_options
    self.driver.find_element(By.XPATH, self.customers_menu_options_xpath).click()
.venv\Lib\site-packages\selenium\webdriver\remote\webelement.py:94: in click
    self._execute(Command.CLICK_ELEMENT)
.venv\Lib\site-packages\selenium\webdriver\remote\webelement.py:395: in _execute
    return self._parent.execute(command, params)
.venv\Lib\site-packages\selenium\webdriver\remote\webdriver.py:354: in execute
    self.error_handler.check_response(response)
.venv\Lib\site-packages\selenium\webdriver\remote\errorhandler.py:229: in check_response
    raise exception_class(message, screen, stacktrace)
E   selenium.common.exceptions.ElementNotInteractableException: Message: element not interactable
E     (Session info: chrome=136.0.7103.93)
E   Stacktrace:
E   	GetHandleVerifier [0x0056FC83+61635]
E   	GetHandleVerifier [0x0056FCC4+61700]
E   	(No symbol) [0x0039044E]
E   	(No symbol) [0x003D9B4B]
E   	(No symbol) [0x003CE5A5]
E   	(No symbol) [0x003FD29C]
E   	(No symbol) [0x003CE034]
E   	(No symbol) [0x003FD514]
E   	(No symbol) [0x0041E61B]
E   	(No symbol) [0x003FD096]
E   	(No symbol) [0x003CC840]
E   	(No symbol) [0x003CD6A4]
E   	GetHandleVerifier [0x007F45A3+2701795]
E   	GetHandleVerifier [0x007EFD26+2683238]
E   	GetHandleVerifier [0x0080AA6E+2793134]
E   	GetHandleVerifier [0x00586945+155013]
E   	GetHandleVerifier [0x0058D02D+181357]
E   	GetHandleVerifier [0x005774D8+92440]
E   	GetHandleVerifier [0x00577680+92864]
E   	GetHandleVerifier [0x00562070+5296]
E   	BaseThreadInitThunk [0x76417BA9+25]
E   	RtlInitializeExceptionChain [0x77B7C36B+107]
E   	RtlClearBits [0x77B7C2EF+191]
----------------------------- Captured log setup ------------------------------
INFO     undetected_chromedriver.patcher:patcher.py:346 patching driver executable C:\WINDOWS\system32\config\systemprofile\appdata\roaming\undetected_chromedriver\undetected_chromedriver.exe
------------------------------ Captured log call ------------------------------
INFO     root:test_add_new_user.py:25 ***********Test_03_Add_New_Customer started *************
INFO     root:test_add_new_user.py:36 ***********Login completed *************
INFO     root:test_add_new_user.py:38 ***********starting add customer test *************
____________ Test_04_Search_Customer.test_search_customer_by_email ____________
test_cases\test_search_customer.py:33: in test_search_customer_by_email
    self.add_customer.click_customers_from_menu_options()
base_pages\Add_Customer_Page.py:36: in click_customers_from_menu_options
    self.driver.find_element(By.XPATH, self.customers_menu_options_xpath).click()
.venv\Lib\site-packages\selenium\webdriver\remote\webelement.py:94: in click
    self._execute(Command.CLICK_ELEMENT)
.venv\Lib\site-packages\selenium\webdriver\remote\webelement.py:395: in _execute
    return self._parent.execute(command, params)
.venv\Lib\site-packages\selenium\webdriver\remote\webdriver.py:354: in execute
    self.error_handler.check_response(response)
.venv\Lib\site-packages\selenium\webdriver\remote\errorhandler.py:229: in check_response
    raise exception_class(message, screen, stacktrace)
E   selenium.common.exceptions.ElementNotInteractableException: Message: element not interactable
E     (Session info: chrome=136.0.7103.93)
E   Stacktrace:
E   	GetHandleVerifier [0x0035FC83+61635]
E   	GetHandleVerifier [0x0035FCC4+61700]
E   	(No symbol) [0x0018044E]
E   	(No symbol) [0x001C9B4B]
E   	(No symbol) [0x001BE5A5]
E   	(No symbol) [0x001ED29C]
E   	(No symbol) [0x001BE034]
E   	(No symbol) [0x001ED514]
E   	(No symbol) [0x0020E61B]
E   	(No symbol) [0x001ED096]
E   	(No symbol) [0x001BC840]
E   	(No symbol) [0x001BD6A4]
E   	GetHandleVerifier [0x005E45A3+2701795]
E   	GetHandleVerifier [0x005DFD26+2683238]
E   	GetHandleVerifier [0x005FAA6E+2793134]
E   	GetHandleVerifier [0x00376945+155013]
E   	GetHandleVerifier [0x0037D02D+181357]
E   	GetHandleVerifier [0x003674D8+92440]
E   	GetHandleVerifier [0x00367680+92864]
E   	GetHandleVerifier [0x00352070+5296]
E   	BaseThreadInitThunk [0x76417BA9+25]
E   	RtlInitializeExceptionChain [0x77B7C36B+107]
E   	RtlClearBits [0x77B7C2EF+191]
E   	(No symbol) [0x00000000]
----------------------------- Captured log setup ------------------------------
INFO     undetected_chromedriver.patcher:patcher.py:346 patching driver executable C:\WINDOWS\system32\config\systemprofile\appdata\roaming\undetected_chromedriver\undetected_chromedriver.exe
------------------------------ Captured log call ------------------------------
INFO     root:test_search_customer.py:20 **********Test_04_001_Search_Customer with email started **********
INFO     root:test_search_customer.py:29 ************Login completed************
INFO     root:test_search_customer.py:30 ************navigating to customer search page************
_________ Test_04_Search_Customer.test_search_customer_by_companyname _________
test_cases\test_search_customer.py:99: in test_search_customer_by_companyname
    self.add_customer.click_customers_from_menu_options()
base_pages\Add_Customer_Page.py:36: in click_customers_from_menu_options
    self.driver.find_element(By.XPATH, self.customers_menu_options_xpath).click()
.venv\Lib\site-packages\selenium\webdriver\remote\webelement.py:94: in click
    self._execute(Command.CLICK_ELEMENT)
.venv\Lib\site-packages\selenium\webdriver\remote\webelement.py:395: in _execute
    return self._parent.execute(command, params)
.venv\Lib\site-packages\selenium\webdriver\remote\webdriver.py:354: in execute
    self.error_handler.check_response(response)
.venv\Lib\site-packages\selenium\webdriver\remote\errorhandler.py:229: in check_response
    raise exception_class(message, screen, stacktrace)
E   selenium.common.exceptions.ElementNotInteractableException: Message: element not interactable
E     (Session info: chrome=136.0.7103.93)
E   Stacktrace:
E   	GetHandleVerifier [0x00D1FC83+61635]
E   	GetHandleVerifier [0x00D1FCC4+61700]
E   	(No symbol) [0x00B4044E]
E   	(No symbol) [0x00B89B4B]
E   	(No symbol) [0x00B7E5A5]
E   	(No symbol) [0x00BAD29C]
E   	(No symbol) [0x00B7E034]
E   	(No symbol) [0x00BAD514]
E   	(No symbol) [0x00BCE61B]
E   	(No symbol) [0x00BAD096]
E   	(No symbol) [0x00B7C840]
E   	(No symbol) [0x00B7D6A4]
E   	GetHandleVerifier [0x00FA45A3+2701795]
E   	GetHandleVerifier [0x00F9FD26+2683238]
E   	GetHandleVerifier [0x00FBAA6E+2793134]
E   	GetHandleVerifier [0x00D36945+155013]
E   	GetHandleVerifier [0x00D3D02D+181357]
E   	GetHandleVerifier [0x00D274D8+92440]
E   	GetHandleVerifier [0x00D27680+92864]
E   	GetHandleVerifier [0x00D12070+5296]
E   	BaseThreadInitThunk [0x76417BA9+25]
E   	RtlInitializeExceptionChain [0x77B7C36B+107]
E   	RtlClearBits [0x77B7C2EF+191]
----------------------------- Captured log setup ------------------------------
INFO     undetected_chromedriver.patcher:patcher.py:346 patching driver executable C:\WINDOWS\system32\config\systemprofile\appdata\roaming\undetected_chromedriver\undetected_chromedriver.exe
------------------------------ Captured log call ------------------------------
INFO     root:test_search_customer.py:85 ************Test_04_003_Search_Customer with company name started************
INFO     root:test_search_customer.py:94 ************Login completed************
INFO     root:test_search_customer.py:95 ************navigating to customer search page************
INFO     root:test_search_customer.py:96 ************navigating to customer search page************
=========================== short test summary info ===========================
FAILED test_cases/test_add_new_user.py::Test_03_Add_New_Customer::test_add_new_customer - selenium.common.exceptions.ElementNotInteractableException: Message: element not interactable
  (Session info: chrome=136.0.7103.93)
Stacktrace:
	GetHandleVerifier [0x0056FC83+61635]
	GetHandleVerifier [0x0056FCC4+61700]
	(No symbol) [0x0039044E]
	(No symbol) [0x003D9B4B]
	(No symbol) [0x003CE5A5]
	(No symbol) [0x003FD29C]
	(No symbol) [0x003CE034]
	(No symbol) [0x003FD514]
	(No symbol) [0x0041E61B]
	(No symbol) [0x003FD096]
	(No symbol) [0x003CC840]
	(No symbol) [0x003CD6A4]
	GetHandleVerifier [0x007F45A3+2701795]
	GetHandleVerifier [0x007EFD26+2683238]
	GetHandleVerifier [0x0080AA6E+2793134]
	GetHandleVerifier [0x00586945+155013]
	GetHandleVerifier [0x0058D02D+181357]
	GetHandleVerifier [0x005774D8+92440]
	GetHandleVerifier [0x00577680+92864]
	GetHandleVerifier [0x00562070+5296]
	BaseThreadInitThunk [0x76417BA9+25]
	RtlInitializeExceptionChain [0x77B7C36B+107]
	RtlClearBits [0x77B7C2EF+191]
FAILED test_cases/test_search_customer.py::Test_04_Search_Customer::test_search_customer_by_email - selenium.common.exceptions.ElementNotInteractableException: Message: element not interactable
  (Session info: chrome=136.0.7103.93)
Stacktrace:
	GetHandleVerifier [0x0035FC83+61635]
	GetHandleVerifier [0x0035FCC4+61700]
	(No symbol) [0x0018044E]
	(No symbol) [0x001C9B4B]
	(No symbol) [0x001BE5A5]
	(No symbol) [0x001ED29C]
	(No symbol) [0x001BE034]
	(No symbol) [0x001ED514]
	(No symbol) [0x0020E61B]
	(No symbol) [0x001ED096]
	(No symbol) [0x001BC840]
	(No symbol) [0x001BD6A4]
	GetHandleVerifier [0x005E45A3+2701795]
	GetHandleVerifier [0x005DFD26+2683238]
	GetHandleVerifier [0x005FAA6E+2793134]
	GetHandleVerifier [0x00376945+155013]
	GetHandleVerifier [0x0037D02D+181357]
	GetHandleVerifier [0x003674D8+92440]
	GetHandleVerifier [0x00367680+92864]
	GetHandleVerifier [0x00352070+5296]
	BaseThreadInitThunk [0x76417BA9+25]
	RtlInitializeExceptionChain [0x77B7C36B+107]
	RtlClearBits [0x77B7C2EF+191]
	(No symbol) [0x00000000]
FAILED test_cases/test_search_customer.py::Test_04_Search_Customer::test_search_customer_by_companyname - selenium.common.exceptions.ElementNotInteractableException: Message: element not interactable
  (Session info: chrome=136.0.7103.93)
Stacktrace:
	GetHandleVerifier [0x00D1FC83+61635]
	GetHandleVerifier [0x00D1FCC4+61700]
	(No symbol) [0x00B4044E]
	(No symbol) [0x00B89B4B]
	(No symbol) [0x00B7E5A5]
	(No symbol) [0x00BAD29C]
	(No symbol) [0x00B7E034]
	(No symbol) [0x00BAD514]
	(No symbol) [0x00BCE61B]
	(No symbol) [0x00BAD096]
	(No symbol) [0x00B7C840]
	(No symbol) [0x00B7D6A4]
	GetHandleVerifier [0x00FA45A3+2701795]
	GetHandleVerifier [0x00F9FD26+2683238]
	GetHandleVerifier [0x00FBAA6E+2793134]
	GetHandleVerifier [0x00D36945+155013]
	GetHandleVerifier [0x00D3D02D+181357]
	GetHandleVerifier [0x00D274D8+92440]
	GetHandleVerifier [0x00D27680+92864]
	GetHandleVerifier [0x00D12070+5296]
	BaseThreadInitThunk [0x76417BA9+25]
	RtlInitializeExceptionChain [0x77B7C36B+107]
	RtlClearBits [0x77B7C2EF+191]
============ 3 failed, 5 passed, 27 warnings in 348.35s (0:05:48) =============
